c:\files\dev\dev\diffuse\build\diffuse.dir\debug\vc143.pdb
c:\files\dev\dev\diffuse\build\diffuse.dir\debug\main.obj
c:\files\dev\dev\diffuse\build\diffuse.dir\debug\readfile.obj
c:\files\dev\dev\diffuse\build\diffuse.dir\debug\buffer.obj
c:\files\dev\dev\diffuse\build\diffuse.dir\debug\swapchain.obj
c:\files\dev\dev\diffuse\build\diffuse.dir\debug\window.obj
c:\files\dev\dev\diffuse\build\diffuse.dir\debug\renderer.obj
c:\files\dev\dev\diffuse\build\diffuse.dir\debug\texture2d.obj
c:\files\dev\dev\diffuse\build\diffuse.dir\debug\scene.obj
c:\files\dev\dev\diffuse\build\diffuse.dir\debug\model.obj
c:\files\dev\dev\diffuse\build\diffuse.dir\debug\graphicsdevice.obj
c:\files\dev\dev\diffuse\build\diffuse.dir\debug\tiny_gltf.obj
c:\files\dev\dev\diffuse\build\diffuse.dir\debug\application.obj
c:\files\dev\dev\diffuse\build\diffuse.dir\debug\vulkanutilities.obj
c:\files\dev\dev\diffuse\build\diffuse.dir\debug\camera.obj
c:\files\dev\dev\diffuse\build\cmakefiles\generate.stamp
c:\files\dev\dev\diffuse\build\diffuse.dir\debug\diffuse.ilk
c:\files\dev\dev\diffuse\build\debug\diffuse.exe
c:\files\dev\dev\diffuse\build\debug\diffuse.pdb
c:\files\dev\dev\diffuse\build\diffuse.dir\debug\diffuse.tlog\cl.command.1.tlog
c:\files\dev\dev\diffuse\build\diffuse.dir\debug\diffuse.tlog\cl.items.tlog
c:\files\dev\dev\diffuse\build\diffuse.dir\debug\diffuse.tlog\cl.read.1.tlog
c:\files\dev\dev\diffuse\build\diffuse.dir\debug\diffuse.tlog\cl.write.1.tlog
c:\files\dev\dev\diffuse\build\diffuse.dir\debug\diffuse.tlog\custombuild.command.1.tlog
c:\files\dev\dev\diffuse\build\diffuse.dir\debug\diffuse.tlog\custombuild.read.1.tlog
c:\files\dev\dev\diffuse\build\diffuse.dir\debug\diffuse.tlog\custombuild.write.1.tlog
c:\files\dev\dev\diffuse\build\diffuse.dir\debug\diffuse.tlog\link.command.1.tlog
c:\files\dev\dev\diffuse\build\diffuse.dir\debug\diffuse.tlog\link.read.1.tlog
c:\files\dev\dev\diffuse\build\diffuse.dir\debug\diffuse.tlog\link.write.1.tlog
