  1>Checking Build System
  CMake is re-running because C:/dev/Diffuse/CMakeFiles/generate.stamp is out-of-date.
    the file 'C:/dev/Diffuse/CMakeLists.txt'
    is newer than 'C:/dev/Diffuse/CMakeFiles/generate.stamp.depend'
    result='-1'
  CMake Deprecation Warning at CMakeLists.txt:1 (cmake_minimum_required):
    Compatibility with CMake < 3.5 will be removed from a future version of
    CMake.
  
    Update the VERSION argument <min> value or use a ...<max> suffix to tell
    CMake that the project does not need compatibility with older versions.
  
  
  -- Selecting Windows SDK version 10.0.22621.0 to target Windows 10.0.19045.
  CMake Deprecation Warning at dependencies/glm/cmake/glm/glmConfig.cmake:1 (cmake_minimum_required):
    Compatibility with CMake < 3.5 will be removed from a future version of
    CMake.
  
    Update the VERSION argument <min> value or use a ...<max> suffix to tell
    CMake that the project does not need compatibility with older versions.
  Call Stack (most recent call first):
    CMakeLists.txt:36 (find_package)
  
  
  CMake Deprecation Warning at dependencies/glm/cmake/glm/glmConfig.cmake:2 (cmake_policy):
    Compatibility with CMake < 3.5 will be removed from a future version of
    CMake.
  
    Update the VERSION argument <min> value or use a ...<max> suffix to tell
    CMake that the project does not need compatibility with older versions.
  Call Stack (most recent call first):
    CMakeLists.txt:36 (find_package)
  
  
  C:/dev/New folder/Diffuse
  C:/VulkanSDK/1.3.250.1/Lib/vulkan-1.lib
  -- Configuring done (0.7s)
  -- Generating done (0.9s)
  -- Build files have been written to: C:/dev/New folder/Diffuse
